<?xml version="1.0" encoding="UTF-8"?>
<!-- Generated by org.testng.reporters.JUnitReportReporter -->
<testsuite hostname="DESKTOP-I6282SK" failures="0" tests="1" name="pkg.OrangeHRM.Automation.release1.TC_01_Login" time="25.202" errors="0" timestamp="29 Aug 2024 05:04:10 GMT" skipped="0">
  <testcase classname="pkg.OrangeHRM.Automation.release1.TC_01_Login" name="Logindetails" time="25.202"/>
</testsuite> <!-- pkg.OrangeHRM.Automation.release1.TC_01_Login -->
