<?xml version="1.0" encoding="UTF-8"?>
<!-- Generated by org.testng.reporters.JUnitReportReporter -->
<testsuite hostname="DESKTOP-I6282SK" failures="0" tests="1" name="pkg.OrangeHRM.Automation.release1.TC01_Login_OrangeHRM" time="12.690" errors="0" timestamp="18 Aug 2024 15:09:35 GMT" skipped="0">
  <testcase classname="pkg.OrangeHRM.Automation.release1.TC01_Login_OrangeHRM" name="login_HRM" time="12.690"/>
</testsuite> <!-- pkg.OrangeHRM.Automation.release1.TC01_Login_OrangeHRM -->
