<?xml version="1.0" encoding="UTF-8"?>
<!-- Generated by org.testng.reporters.JUnitReportReporter -->
<testsuite hostname="DESKTOP-I6282SK" failures="0" tests="1" name="pkg.OrangeHRM.Automation.release1.TC_02_PIM" time="20.453" errors="0" timestamp="29 Aug 2024 05:04:10 GMT" skipped="0">
  <testcase classname="pkg.OrangeHRM.Automation.release1.TC_02_PIM" name="Pimcreation" time="20.453"/>
</testsuite> <!-- pkg.OrangeHRM.Automation.release1.TC_02_PIM -->
