<?xml version="1.0" encoding="UTF-8"?>
<!-- Generated by org.testng.reporters.JUnitReportReporter -->
<testsuite hostname="DESKTOP-I6282SK" failures="0" tests="1" name="pkg.OrangeHRM.Automation.release1.TC_06_Delete" time="14.488" errors="0" timestamp="23 Aug 2024 05:18:06 GMT" skipped="0">
  <testcase classname="pkg.OrangeHRM.Automation.release1.TC_06_Delete" name="Delete" time="14.488"/>
</testsuite> <!-- pkg.OrangeHRM.Automation.release1.TC_06_Delete -->
